2018-01-27 14:21:14,675 INFO TrainedTIMBRESVM in 0.019380967976758257
2018-01-27 14:21:14,790 INFO TrainedTIMBREK-MEANS in 0.09976922499481589
2018-01-27 14:21:14,828 INFO TrainedTIMBRE - KMEANS PER GENRE in 0.03767262600013055 Total time (inc. SVM for genre) 0.057053593976888806
2018-01-27 14:21:14,852 INFO TrainedTIMBREDBSCAN in 0.023374146985588595
2018-01-27 14:21:14,857 INFO Trained TIMBRE - DBSCAN PER GENRE in 0.004574712016619742 Total time (inc. SVM for genre) 0.023955679993378
2018-01-27 14:21:14,888 INFO TrainedMIDSVM in 0.006269265984883532
2018-01-27 14:21:14,976 INFO TrainedMIDK-MEANS in 0.07697153100161813
2018-01-27 14:21:15,015 INFO TrainedMID - KMEANS PER GENRE in 0.038779512979090214 Total time (inc. SVM for genre) 0.045048778963973746
2018-01-27 14:21:15,018 INFO TrainedMIDDBSCAN in 0.0035635090025607497
2018-01-27 14:21:15,023 INFO Trained MID - DBSCAN PER GENRE in 0.004123435996007174 Total time (inc. SVM for genre) 0.010392701980890706
2018-01-27 14:21:15,064 INFO TrainedTIMBRE_SQSVM in 0.009225346002494916
2018-01-27 14:21:15,178 INFO TrainedTIMBRE_SQK-MEANS in 0.09887423901818693
2018-01-27 14:21:15,228 INFO TrainedTIMBRE_SQ - KMEANS PER GENRE in 0.04995774800772779 Total time (inc. SVM for genre) 0.0591830940102227
2018-01-27 14:21:15,235 INFO TrainedTIMBRE_SQDBSCAN in 0.006413534021703526
2018-01-27 14:21:15,240 INFO Trained TIMBRE_SQ - DBSCAN PER GENRE in 0.005282180005451664 Total time (inc. SVM for genre) 0.01450752600794658
2018-01-27 14:21:15,288 INFO TrainedMID_SQSVM in 0.01180025897338055
2018-01-27 14:21:15,400 INFO TrainedMID_SQK-MEANS in 0.09548522499972023
2018-01-27 14:21:15,446 INFO TrainedMID_SQ - KMEANS PER GENRE in 0.045324557984713465 Total time (inc. SVM for genre) 0.057124816958094016
2018-01-27 14:21:15,452 INFO TrainedMID_SQDBSCAN in 0.006195433990797028
2018-01-27 14:21:15,459 INFO Trained MID_SQ - DBSCAN PER GENRE in 0.006154576025437564 Total time (inc. SVM for genre) 0.017954834998818114
